15:34:05 **** Incremental Build of configuration Debug for project two_armies_cpp ****
make all 
Building file: ../Battle.cpp
Invoking: Cross G++ Compiler
g++ -std=c++0x -O0 -g3 -Wall -c -fmessage-length=0 -MMD -MP -MF"Battle.d" -MT"Battle.d" -o "Battle.o" "../Battle.cpp"
Finished building: ../Battle.cpp
 
Building file: ../BattleOfTwo.cpp
Invoking: Cross G++ Compiler
g++ -std=c++0x -O0 -g3 -Wall -c -fmessage-length=0 -MMD -MP -MF"BattleOfTwo.d" -MT"BattleOfTwo.d" -o "BattleOfTwo.o" "../BattleOfTwo.cpp"
Finished building: ../BattleOfTwo.cpp
 
Building file: ../main.cpp
Invoking: Cross G++ Compiler
g++ -std=c++0x -O0 -g3 -Wall -c -fmessage-length=0 -MMD -MP -MF"main.d" -MT"main.d" -o "main.o" "../main.cpp"
Finished building: ../main.cpp
 
Building target: two_armies_cpp
Invoking: Cross G++ Linker
g++  -o "two_armies_cpp"  ./Army.o ./Battle.o ./BattleOfTwo.o ./main.o   
Finished building target: two_armies_cpp
 
15:34:12 **** Incremental Build of configuration Debug for project two_armies_cpp ****
make all 
make: Nothing to be done for 'all'.
15:34:54 **** Incremental Build of configuration Debug for project two_armies_cpp ****
make all 
Building file: ../main.cpp
Invoking: Cross G++ Compiler
g++ -std=c++0x -O0 -g3 -Wall -c -fmessage-length=0 -MMD -MP -MF"main.d" -MT"main.d" -o "main.o" "../main.cpp"
Finished building: ../main.cpp
 
Building target: two_armies_cpp
Invoking: Cross G++ Linker
g++  -o "two_armies_cpp"  ./Army.o ./Battle.o ./BattleOfTwo.o ./main.o   
Finished building target: two_armies_cpp
 
15:35:15 **** Incremental Build of configuration Debug for project two_armies_cpp ****
make all 
Building file: ../main.cpp
Invoking: Cross G++ Compiler
g++ -std=c++0x -O0 -g3 -Wall -c -fmessage-length=0 -MMD -MP -MF"main.d" -MT"main.d" -o "main.o" "../main.cpp"
Finished building: ../main.cpp
 
Building target: two_armies_cpp
Invoking: Cross G++ Linker
g++  -o "two_armies_cpp"  ./Army.o ./Battle.o ./BattleOfTwo.o ./main.o   
Finished building target: two_armies_cpp
 
15:35:23 **** Incremental Build of configuration Debug for project two_armies_cpp ****
make all 
Building file: ../main.cpp
Invoking: Cross G++ Compiler
g++ -std=c++0x -O0 -g3 -Wall -c -fmessage-length=0 -MMD -MP -MF"main.d" -MT"main.d" -o "main.o" "../main.cpp"
Finished building: ../main.cpp
 
Building target: two_armies_cpp
Invoking: Cross G++ Linker
g++  -o "two_armies_cpp"  ./Army.o ./Battle.o ./BattleOfTwo.o ./main.o   
Finished building target: two_armies_cpp
 
